mktextfm ecrm1000
mktextfm phvr8t
mktextfm phvb8t
mktextfm nullfont
mktextfm ecrm1440
mktextfm phvr8t
mktextfm phvb8t
mktextfm nullfont
mktextfm ecrm1200
mktextfm phvr8t
mktextfm phvb8t
mktextfm nullfont
mktextfm ecrm0900
mktextfm ptmr8t
mktextfm phvb8t
mktextfm nullfont
mktextfm phvbo8t
mktextfm nullfont
mktextfm nullfont
mktextfm phvbo8t
mktextfm nullfont
mktextfm nullfont
mktextfm phvb8t
mktextfm nullfont
mktextfm ptmr8t
mktextfm ptmb8t
mktextfm nullfont
mktextfm ptmr8t
mktextfm ptmb8t
mktextfm nullfont
mktextfm pcrr8t
mktextfm ptmb8t
mktextfm nullfont
mktextfm pcrb8t
mktextfm nullfont
mktextfm ptmri8t
mktextfm pcrro8t
mktextfm nullfont
mktextfm ptmr8c
