This is pdfTeX, Version 3.14159265-2.6-1.40.20 (MiKTeX 2.9.7140 64-bit) (preloaded format=pdflatex 2019.8.1)  22 JAN 2020 17:24
entering extended mode
**C:/Users/tbarnhart/projects/datapreptools/build/latex/StreamStatsDataPreparat
ionTools.tex

(C:/Users/tbarnhart/projects/datapreptools/build/latex/StreamStatsDataPreparati
onTools.tex
LaTeX2e <2018-12-01>
(C:/Users/tbarnhart/projects/datapreptools/build/latex\sphinxmanual.cls
Document Class: sphinxmanual 2018/12/22 v1.8.3 Document class (Sphinx manual)
("C:\Program Files\MiKTeX 2.9\tex/latex/base\report.cls"
Document Class: report 2018/09/03 v1.4i Standard LaTeX document class
("C:\Program Files\MiKTeX 2.9\tex/latex/base\size10.clo"
File: size10.clo 2018/09/03 v1.4i Standard LaTeX file (size option)
)
\c@part=\count80
\c@chapter=\count81
\c@section=\count82
\c@subsection=\count83
\c@subsubsection=\count84
\c@paragraph=\count85
\c@subparagraph=\count86
\c@figure=\count87
\c@table=\count88
\abovecaptionskip=\skip41
\belowcaptionskip=\skip42
\bibindent=\dimen102
))
("C:\Program Files\MiKTeX 2.9\tex/latex/base\inputenc.sty"
Package: inputenc 2018/08/11 v1.3c Input encoding file
\inpenc@prehook=\toks14
\inpenc@posthook=\toks15
)
   defining Unicode char U+00A0 (decimal 160)
   defining Unicode char U+2500 (decimal 9472)
   defining Unicode char U+2502 (decimal 9474)
   defining Unicode char U+2514 (decimal 9492)
   defining Unicode char U+251C (decimal 9500)
   defining Unicode char U+2572 (decimal 9586)

(C:/Users/tbarnhart/projects/datapreptools/build/latex\cmap.sty
Package: cmap 2008/03/06 v1.0h CMap support: searchable PDF
)
("C:\Program Files\MiKTeX 2.9\tex/latex/base\fontenc.sty"
Package: fontenc 2018/08/11 v2.0j Standard LaTeX package

("C:\Program Files\MiKTeX 2.9\tex/latex/base\t1enc.def"
File: t1enc.def 2018/08/11 v2.0j Standard LaTeX file
LaTeX Font Info:    Redeclaring font encoding T1 on input line 48.
)<<t1.cmap>>)
("C:\Program Files\MiKTeX 2.9\tex/latex/amsmath\amsmath.sty"
Package: amsmath 2018/12/01 v2.17b AMS math features
\@mathmargin=\skip43

For additional information on amsmath, use the `?' option.
("C:\Program Files\MiKTeX 2.9\tex/latex/amsmath\amstext.sty"
Package: amstext 2000/06/29 v2.01 AMS text

("C:\Program Files\MiKTeX 2.9\tex/latex/amsmath\amsgen.sty"
File: amsgen.sty 1999/11/30 v2.0 generic functions
\@emptytoks=\toks16
\ex@=\dimen103
))
("C:\Program Files\MiKTeX 2.9\tex/latex/amsmath\amsbsy.sty"
Package: amsbsy 1999/11/29 v1.2d Bold Symbols
\pmbraise@=\dimen104
)
("C:\Program Files\MiKTeX 2.9\tex/latex/amsmath\amsopn.sty"
Package: amsopn 2016/03/08 v2.02 operator names
)
\inf@bad=\count89
LaTeX Info: Redefining \frac on input line 223.
\uproot@=\count90
\leftroot@=\count91
LaTeX Info: Redefining \overline on input line 385.
\classnum@=\count92
\DOTSCASE@=\count93
LaTeX Info: Redefining \ldots on input line 482.
LaTeX Info: Redefining \dots on input line 485.
LaTeX Info: Redefining \cdots on input line 606.
\Mathstrutbox@=\box27
\strutbox@=\box28
\big@size=\dimen105
LaTeX Font Info:    Redeclaring font encoding OML on input line 729.
LaTeX Font Info:    Redeclaring font encoding OMS on input line 730.
\macc@depth=\count94
\c@MaxMatrixCols=\count95
\dotsspace@=\muskip10
\c@parentequation=\count96
\dspbrk@lvl=\count97
\tag@help=\toks17
\row@=\count98
\column@=\count99
\maxfields@=\count100
\andhelp@=\toks18
\eqnshift@=\dimen106
\alignsep@=\dimen107
\tagshift@=\dimen108
\tagwidth@=\dimen109
\totwidth@=\dimen110
\lineht@=\dimen111
\@envbody=\toks19
\multlinegap=\skip44
\multlinetaggap=\skip45
\mathdisplay@stack=\toks20
LaTeX Info: Redefining \[ on input line 2844.
LaTeX Info: Redefining \] on input line 2845.
)
("C:\Program Files\MiKTeX 2.9\tex/latex/amsfonts\amssymb.sty"
Package: amssymb 2013/01/14 v3.01 AMS font symbols

("C:\Program Files\MiKTeX 2.9\tex/latex/amsfonts\amsfonts.sty"
Package: amsfonts 2013/01/14 v3.01 Basic AMSFonts support
\symAMSa=\mathgroup4
\symAMSb=\mathgroup5
LaTeX Font Info:    Overwriting math alphabet `\mathfrak' in version `bold'
(Font)                  U/euf/m/n --> U/euf/b/n on input line 106.
))
("C:\Program Files\MiKTeX 2.9\tex/generic/babel\babel.sty"
Package: babel 2019/07/19 3.33 The Babel package

("C:\Program Files\MiKTeX 2.9\tex/generic/babel\switch.def"
File: switch.def 2019/07/19 3.33 Babel switching mechanism
)
*************************************
* Local config file bblopts.cfg used
*
(C:\Users\tbarnhart\AppData\Roaming\MiKTeX\2.9\tex/latex/arabi\bblopts.cfg
File: bblopts.cfg 2005/09/08 v0.1 add Arabic and Farsi to "declared" options of
 babel
)
("C:\Program Files\MiKTeX 2.9\tex/latex/babel-english\english.ldf"
Language: english 2017/06/06 v3.3r English support from the babel system

("C:\Program Files\MiKTeX 2.9\tex/generic/babel\babel.def"
File: babel.def 2019/07/19 3.33 Babel common definitions
\babel@savecnt=\count101
\U@D=\dimen112

("C:\Program Files\MiKTeX 2.9\tex/generic/babel\txtbabel.def")
\bbl@dirlevel=\count102
)
\l@canadian = a dialect from \language\l@american 
\l@australian = a dialect from \language\l@british 
\l@newzealand = a dialect from \language\l@british 
))
("C:\Program Files\MiKTeX 2.9\tex/latex/psnfss\times.sty"
Package: times 2005/04/12 PSNFSS-v9.2a (SPQR) 
)
(C:/Users/tbarnhart/projects/datapreptools/build/latex\fncychap.sty
Package: fncychap 2007/07/30 v1.34 LaTeX package (Revised chapters)
\RW=\skip46
\mylen=\skip47
\myhi=\skip48
\px=\skip49
\py=\skip50
\pyy=\skip51
\pxx=\skip52
\c@AlphaCnt=\count103
\c@AlphaDecCnt=\count104
)
(C:/Users/tbarnhart/projects/datapreptools/build/latex\sphinx.sty
Package: sphinx 2019/01/12 v1.8.4 LaTeX package (Sphinx markup)

("C:\Program Files\MiKTeX 2.9\tex/generic/oberdiek\ltxcmds.sty"
Package: ltxcmds 2016/05/16 v1.23 LaTeX kernel commands for general use (HO)
)
("C:\Program Files\MiKTeX 2.9\tex/latex/graphics\graphicx.sty"
Package: graphicx 2017/06/01 v1.1a Enhanced LaTeX Graphics (DPC,SPQR)

("C:\Program Files\MiKTeX 2.9\tex/latex/graphics\keyval.sty"
Package: keyval 2014/10/28 v1.15 key=value parser (DPC)
\KV@toks@=\toks21
)
("C:\Program Files\MiKTeX 2.9\tex/latex/graphics\graphics.sty"
Package: graphics 2017/06/25 v1.2c Standard LaTeX Graphics (DPC,SPQR)

("C:\Program Files\MiKTeX 2.9\tex/latex/graphics\trig.sty"
Package: trig 2016/01/03 v1.10 sin cos tan (DPC)
)
("C:\Program Files\MiKTeX 2.9\tex/latex/graphics-cfg\graphics.cfg"
File: graphics.cfg 2016/06/04 v1.11 sample graphics configuration
)
Package graphics Info: Driver file: pdftex.def on input line 99.

("C:\Program Files\MiKTeX 2.9\tex/latex/graphics-def\pdftex.def"
File: pdftex.def 2018/01/08 v1.0l Graphics/color driver for pdftex
))
\Gin@req@height=\dimen113
\Gin@req@width=\dimen114
)
(C:\Users\tbarnhart\AppData\Roaming\MiKTeX\2.9\tex/latex/fancyhdr\fancyhdr.sty
Package: fancyhdr 2019/01/31 v3.10 Extensive control of page headers and footer
s
\f@nch@headwidth=\skip53
\f@nch@O@elh=\skip54
\f@nch@O@erh=\skip55
\f@nch@O@olh=\skip56
\f@nch@O@orh=\skip57
\f@nch@O@elf=\skip58
\f@nch@O@erf=\skip59
\f@nch@O@olf=\skip60
\f@nch@O@orf=\skip61
) ("C:\Program Files\MiKTeX 2.9\tex/latex/base\textcomp.sty"
Package: textcomp 2018/08/11 v2.0j Standard LaTeX package
Package textcomp Info: Sub-encoding information:
(textcomp)               5 = only ISO-Adobe without \textcurrency
(textcomp)               4 = 5 + \texteuro
(textcomp)               3 = 4 + \textohm
(textcomp)               2 = 3 + \textestimated + \textcurrency
(textcomp)               1 = TS1 - \textcircled - \t
(textcomp)               0 = TS1 (full)
(textcomp)             Font families with sub-encoding setting implement
(textcomp)             only a restricted character set as indicated.
(textcomp)             Family '?' is the default used for unknown fonts.
(textcomp)             See the documentation for details.
Package textcomp Info: Setting ? sub-encoding to TS1/1 on input line 79.

("C:\Program Files\MiKTeX 2.9\tex/latex/base\ts1enc.def"
File: ts1enc.def 2001/06/05 v3.0e (jk/car/fm) Standard LaTeX file
Now handling font encoding TS1 ...
... processing UTF-8 mapping file for font encoding TS1

("C:\Program Files\MiKTeX 2.9\tex/latex/base\ts1enc.dfu"
File: ts1enc.dfu 2018/10/05 v1.2f UTF-8 support for inputenc
   defining Unicode char U+00A2 (decimal 162)
   defining Unicode char U+00A3 (decimal 163)
   defining Unicode char U+00A4 (decimal 164)
   defining Unicode char U+00A5 (decimal 165)
   defining Unicode char U+00A6 (decimal 166)
   defining Unicode char U+00A7 (decimal 167)
   defining Unicode char U+00A8 (decimal 168)
   defining Unicode char U+00A9 (decimal 169)
   defining Unicode char U+00AA (decimal 170)
   defining Unicode char U+00AC (decimal 172)
   defining Unicode char U+00AE (decimal 174)
   defining Unicode char U+00AF (decimal 175)
   defining Unicode char U+00B0 (decimal 176)
   defining Unicode char U+00B1 (decimal 177)
   defining Unicode char U+00B2 (decimal 178)
   defining Unicode char U+00B3 (decimal 179)
   defining Unicode char U+00B4 (decimal 180)
   defining Unicode char U+00B5 (decimal 181)
   defining Unicode char U+00B6 (decimal 182)
   defining Unicode char U+00B7 (decimal 183)
   defining Unicode char U+00B9 (decimal 185)
   defining Unicode char U+00BA (decimal 186)
   defining Unicode char U+00BC (decimal 188)
   defining Unicode char U+00BD (decimal 189)
   defining Unicode char U+00BE (decimal 190)
   defining Unicode char U+00D7 (decimal 215)
   defining Unicode char U+00F7 (decimal 247)
   defining Unicode char U+0192 (decimal 402)
   defining Unicode char U+02C7 (decimal 711)
   defining Unicode char U+02D8 (decimal 728)
   defining Unicode char U+02DD (decimal 733)
   defining Unicode char U+0E3F (decimal 3647)
   defining Unicode char U+2016 (decimal 8214)
   defining Unicode char U+2020 (decimal 8224)
   defining Unicode char U+2021 (decimal 8225)
   defining Unicode char U+2022 (decimal 8226)
   defining Unicode char U+2030 (decimal 8240)
   defining Unicode char U+2031 (decimal 8241)
   defining Unicode char U+203B (decimal 8251)
   defining Unicode char U+203D (decimal 8253)
   defining Unicode char U+2044 (decimal 8260)
   defining Unicode char U+204E (decimal 8270)
   defining Unicode char U+2052 (decimal 8274)
   defining Unicode char U+20A1 (decimal 8353)
   defining Unicode char U+20A4 (decimal 8356)
   defining Unicode char U+20A6 (decimal 8358)
   defining Unicode char U+20A9 (decimal 8361)
   defining Unicode char U+20AB (decimal 8363)
   defining Unicode char U+20AC (decimal 8364)
   defining Unicode char U+20B1 (decimal 8369)
   defining Unicode char U+2103 (decimal 8451)
   defining Unicode char U+2116 (decimal 8470)
   defining Unicode char U+2117 (decimal 8471)
   defining Unicode char U+211E (decimal 8478)
   defining Unicode char U+2120 (decimal 8480)
   defining Unicode char U+2122 (decimal 8482)
   defining Unicode char U+2126 (decimal 8486)
   defining Unicode char U+2127 (decimal 8487)
   defining Unicode char U+212E (decimal 8494)
   defining Unicode char U+2190 (decimal 8592)
   defining Unicode char U+2191 (decimal 8593)
   defining Unicode char U+2192 (decimal 8594)
   defining Unicode char U+2193 (decimal 8595)
   defining Unicode char U+2329 (decimal 9001)
   defining Unicode char U+232A (decimal 9002)
   defining Unicode char U+2422 (decimal 9250)
   defining Unicode char U+25E6 (decimal 9702)
   defining Unicode char U+25EF (decimal 9711)
   defining Unicode char U+266A (decimal 9834)
   defining Unicode char U+FEFF (decimal 65279)
))
LaTeX Info: Redefining \oldstylenums on input line 334.
Package textcomp Info: Setting cmr sub-encoding to TS1/0 on input line 349.
Package textcomp Info: Setting cmss sub-encoding to TS1/0 on input line 350.
Package textcomp Info: Setting cmtt sub-encoding to TS1/0 on input line 351.
Package textcomp Info: Setting cmvtt sub-encoding to TS1/0 on input line 352.
Package textcomp Info: Setting cmbr sub-encoding to TS1/0 on input line 353.
Package textcomp Info: Setting cmtl sub-encoding to TS1/0 on input line 354.
Package textcomp Info: Setting ccr sub-encoding to TS1/0 on input line 355.
Package textcomp Info: Setting ptm sub-encoding to TS1/4 on input line 356.
Package textcomp Info: Setting pcr sub-encoding to TS1/4 on input line 357.
Package textcomp Info: Setting phv sub-encoding to TS1/4 on input line 358.
Package textcomp Info: Setting ppl sub-encoding to TS1/3 on input line 359.
Package textcomp Info: Setting pag sub-encoding to TS1/4 on input line 360.
Package textcomp Info: Setting pbk sub-encoding to TS1/4 on input line 361.
Package textcomp Info: Setting pnc sub-encoding to TS1/4 on input line 362.
Package textcomp Info: Setting pzc sub-encoding to TS1/4 on input line 363.
Package textcomp Info: Setting bch sub-encoding to TS1/4 on input line 364.
Package textcomp Info: Setting put sub-encoding to TS1/5 on input line 365.
Package textcomp Info: Setting uag sub-encoding to TS1/5 on input line 366.
Package textcomp Info: Setting ugq sub-encoding to TS1/5 on input line 367.
Package textcomp Info: Setting ul8 sub-encoding to TS1/4 on input line 368.
Package textcomp Info: Setting ul9 sub-encoding to TS1/4 on input line 369.
Package textcomp Info: Setting augie sub-encoding to TS1/5 on input line 370.
Package textcomp Info: Setting dayrom sub-encoding to TS1/3 on input line 371.
Package textcomp Info: Setting dayroms sub-encoding to TS1/3 on input line 372.

Package textcomp Info: Setting pxr sub-encoding to TS1/0 on input line 373.
Package textcomp Info: Setting pxss sub-encoding to TS1/0 on input line 374.
Package textcomp Info: Setting pxtt sub-encoding to TS1/0 on input line 375.
Package textcomp Info: Setting txr sub-encoding to TS1/0 on input line 376.
Package textcomp Info: Setting txss sub-encoding to TS1/0 on input line 377.
Package textcomp Info: Setting txtt sub-encoding to TS1/0 on input line 378.
Package textcomp Info: Setting lmr sub-encoding to TS1/0 on input line 379.
Package textcomp Info: Setting lmdh sub-encoding to TS1/0 on input line 380.
Package textcomp Info: Setting lmss sub-encoding to TS1/0 on input line 381.
Package textcomp Info: Setting lmssq sub-encoding to TS1/0 on input line 382.
Package textcomp Info: Setting lmvtt sub-encoding to TS1/0 on input line 383.
Package textcomp Info: Setting lmtt sub-encoding to TS1/0 on input line 384.
Package textcomp Info: Setting qhv sub-encoding to TS1/0 on input line 385.
Package textcomp Info: Setting qag sub-encoding to TS1/0 on input line 386.
Package textcomp Info: Setting qbk sub-encoding to TS1/0 on input line 387.
Package textcomp Info: Setting qcr sub-encoding to TS1/0 on input line 388.
Package textcomp Info: Setting qcs sub-encoding to TS1/0 on input line 389.
Package textcomp Info: Setting qpl sub-encoding to TS1/0 on input line 390.
Package textcomp Info: Setting qtm sub-encoding to TS1/0 on input line 391.
Package textcomp Info: Setting qzc sub-encoding to TS1/0 on input line 392.
Package textcomp Info: Setting qhvc sub-encoding to TS1/0 on input line 393.
Package textcomp Info: Setting futs sub-encoding to TS1/4 on input line 394.
Package textcomp Info: Setting futx sub-encoding to TS1/4 on input line 395.
Package textcomp Info: Setting futj sub-encoding to TS1/4 on input line 396.
Package textcomp Info: Setting hlh sub-encoding to TS1/3 on input line 397.
Package textcomp Info: Setting hls sub-encoding to TS1/3 on input line 398.
Package textcomp Info: Setting hlst sub-encoding to TS1/3 on input line 399.
Package textcomp Info: Setting hlct sub-encoding to TS1/5 on input line 400.
Package textcomp Info: Setting hlx sub-encoding to TS1/5 on input line 401.
Package textcomp Info: Setting hlce sub-encoding to TS1/5 on input line 402.
Package textcomp Info: Setting hlcn sub-encoding to TS1/5 on input line 403.
Package textcomp Info: Setting hlcw sub-encoding to TS1/5 on input line 404.
Package textcomp Info: Setting hlcf sub-encoding to TS1/5 on input line 405.
Package textcomp Info: Setting pplx sub-encoding to TS1/3 on input line 406.
Package textcomp Info: Setting pplj sub-encoding to TS1/3 on input line 407.
Package textcomp Info: Setting ptmx sub-encoding to TS1/4 on input line 408.
Package textcomp Info: Setting ptmj sub-encoding to TS1/4 on input line 409.
)
(C:/Users/tbarnhart/projects/datapreptools/build/latex\titlesec.sty
Package: titlesec 2019/10/16 v2.13 Sectioning titles
\ttl@box=\box29
\beforetitleunit=\skip62
\aftertitleunit=\skip63
\ttl@plus=\dimen115
\ttl@minus=\dimen116
\ttl@toksa=\toks22
\titlewidth=\dimen117
\titlewidthlast=\dimen118
\titlewidthfirst=\dimen119
)
(C:/Users/tbarnhart/projects/datapreptools/build/latex\tabulary.sty
Package: tabulary 2007/10/02 v0.9 tabulary package (DPC)

("C:\Program Files\MiKTeX 2.9\tex/latex/tools\array.sty"
Package: array 2018/12/30 v2.4k Tabular extension package (FMi)
\col@sep=\dimen120
\ar@mcellbox=\box30
\extrarowheight=\dimen121
\NC@list=\toks23
\extratabsurround=\skip64
\backup@length=\skip65
\ar@cellbox=\box31
)
\TY@count=\count105
\TY@linewidth=\dimen122
\tymin=\dimen123
\tymax=\dimen124
\TY@tablewidth=\dimen125
)
("C:\Program Files\MiKTeX 2.9\tex/latex/tools\longtable.sty"
Package: longtable 2014/10/28 v4.11 Multi-page Table package (DPC)+ FMi change
\LTleft=\skip66
\LTright=\skip67
\LTpre=\skip68
\LTpost=\skip69
\LTchunksize=\count106
\LTcapwidth=\dimen126
\LT@head=\box32
\LT@firsthead=\box33
\LT@foot=\box34
\LT@lastfoot=\box35
\LT@cols=\count107
\LT@rows=\count108
\c@LT@tables=\count109
\c@LT@chunks=\count110
\LT@p@ftn=\toks24
)
(C:/Users/tbarnhart/projects/datapreptools/build/latex\varwidth.sty
Package: varwidth 2009/03/30 ver 0.92;  Variable-width minipages
\@vwid@box=\box36
\sift@deathcycles=\count111
\@vwid@loff=\dimen127
\@vwid@roff=\dimen128
)
(C:/Users/tbarnhart/projects/datapreptools/build/latex\sphinxmulticell.sty
Package: sphinxmulticell 2017/02/23 v1.6 better span rows and columns of a tabl
e (Sphinx team)
\sphinx@TY@tablewidth=\dimen129
)
("C:\Program Files\MiKTeX 2.9\tex/latex/base\makeidx.sty"
Package: makeidx 2014/09/29 v1.0m Standard LaTeX package
)
(C:/Users/tbarnhart/projects/datapreptools/build/latex\framed.sty
Package: framed 2011/10/22 v 0.96: framed or shaded text with page breaks
\OuterFrameSep=\skip70
\fb@frw=\dimen130
\fb@frh=\dimen131
\FrameRule=\dimen132
\FrameSep=\dimen133
)
(C:\Users\tbarnhart\AppData\Roaming\MiKTeX\2.9\tex/latex/xcolor\xcolor.sty
Package: xcolor 2016/05/11 v2.12 LaTeX color extensions (UK)

("C:\Program Files\MiKTeX 2.9\tex/latex/graphics-cfg\color.cfg"
File: color.cfg 2016/01/02 v1.6 sample color configuration
)
Package xcolor Info: Driver file: pdftex.def on input line 225.
Package xcolor Info: Model `cmy' substituted by `cmy0' on input line 1348.
Package xcolor Info: Model `hsb' substituted by `rgb' on input line 1352.
Package xcolor Info: Model `RGB' extended on input line 1364.
Package xcolor Info: Model `HTML' substituted by `rgb' on input line 1366.
Package xcolor Info: Model `Hsb' substituted by `hsb' on input line 1367.
Package xcolor Info: Model `tHsb' substituted by `hsb' on input line 1368.
Package xcolor Info: Model `HSB' substituted by `hsb' on input line 1369.
Package xcolor Info: Model `Gray' substituted by `gray' on input line 1370.
Package xcolor Info: Model `wave' substituted by `hsb' on input line 1371.
)
(C:/Users/tbarnhart/projects/datapreptools/build/latex\fancyvrb.sty
Package: fancyvrb 1996/10/05

Style option: `fancyvrb' v2.0-beta, with DG/SPQR fixes <1996/10/05> (tvz)
\FV@CodeLineNo=\count112
\FV@InFile=\read1
\FV@TabBox=\box37
\c@FancyVerbLine=\count113
\FV@OutFile=\write3
No file fancyvrb.rc.
)
(C:/Users/tbarnhart/projects/datapreptools/build/latex\footnotehyper-sphinx.sty
Package: footnotehyper-sphinx 2017/10/27 v1.7 hyperref aware footnote.sty for s
phinx (JFB)
\FNH@notes=\box38
\FNH@width=\dimen134
) (C:/Users/tbarnhart/projects/datapreptools/build/latex\float.sty
Package: float 1999/05/29 v1.2d Float enhancements (AL)
\c@float@type=\count114
\float@box=\box39
\@floatcapt=\box40
)
(C:/Users/tbarnhart/projects/datapreptools/build/latex\wrapfig.sty
\WF@wrappedlines=\count115
)
(C:/Users/tbarnhart/projects/datapreptools/build/latex\parskip.sty)
("C:\Program Files\MiKTeX 2.9\tex/latex/base\alltt.sty"
Package: alltt 1997/06/16 v2.0g defines alltt environment
)
(C:/Users/tbarnhart/projects/datapreptools/build/latex\upquote.sty
Package: upquote 2012/04/19 v1.3 upright-quote and grave-accent glyphs in verba
tim
)
(C:/Users/tbarnhart/projects/datapreptools/build/latex\capt-of.sty
Package: capt-of 2009/12/29 v0.2 standard captions outside of floats
)
(C:/Users/tbarnhart/projects/datapreptools/build/latex\needspace.sty
Package: needspace 2009/09/03 v1.3b reserve vertical space
)
(C:/Users/tbarnhart/projects/datapreptools/build/latex\sphinxhighlight.sty
Package: sphinxhighlight 2016/05/29 stylesheet for highlighting with pygments
)
("C:\Program Files\MiKTeX 2.9\tex/latex/oberdiek\kvoptions.sty"
Package: kvoptions 2016/05/16 v3.12 Key value format for package options (HO)

("C:\Program Files\MiKTeX 2.9\tex/generic/oberdiek\kvsetkeys.sty"
Package: kvsetkeys 2016/05/16 v1.17 Key value parser (HO)

("C:\Program Files\MiKTeX 2.9\tex/generic/oberdiek\infwarerr.sty"
Package: infwarerr 2016/05/16 v1.4 Providing info/warning/error messages (HO)
)
("C:\Program Files\MiKTeX 2.9\tex/generic/oberdiek\etexcmds.sty"
Package: etexcmds 2016/05/16 v1.6 Avoid name clashes with e-TeX commands (HO)

("C:\Program Files\MiKTeX 2.9\tex/generic/oberdiek\ifluatex.sty"
Package: ifluatex 2016/05/16 v1.4 Provides the ifluatex switch (HO)
Package ifluatex Info: LuaTeX not detected.
))))
\sphinxverbatimsep=\dimen135
\sphinxverbatimborder=\dimen136
\sphinxshadowsep=\dimen137
\sphinxshadowsize=\dimen138
\sphinxshadowrule=\dimen139
\spx@notice@border=\dimen140
\spx@image@box=\box41
\spx@image@maxheight=\dimen141
\c@literalblock=\count116
\sphinxcontinuationbox=\box42
\sphinxvisiblespacebox=\box43
\sphinxVerbatim@TitleBox=\box44
\py@argswidth=\skip71
\lineblockindentation=\skip72
\DUlineblockindent=\skip73
)
("C:\Program Files\MiKTeX 2.9\tex/latex/geometry\geometry.sty"
Package: geometry 2018/04/16 v5.8 Page Geometry

("C:\Program Files\MiKTeX 2.9\tex/generic/oberdiek\ifpdf.sty"
Package: ifpdf 2018/09/07 v3.3 Provides the ifpdf switch
)
("C:\Program Files\MiKTeX 2.9\tex/generic/oberdiek\ifvtex.sty"
Package: ifvtex 2016/05/16 v1.6 Detect VTeX and its facilities (HO)
Package ifvtex Info: VTeX not detected.
)
("C:\Program Files\MiKTeX 2.9\tex/generic/ifxetex\ifxetex.sty"
Package: ifxetex 2010/09/12 v0.6 Provides ifxetex conditional
)
\Gm@cnth=\count117
\Gm@cntv=\count118
\c@Gm@tempcnt=\count119
\Gm@bindingoffset=\dimen142
\Gm@wd@mp=\dimen143
\Gm@odd@mp=\dimen144
\Gm@even@mp=\dimen145
\Gm@layoutwidth=\dimen146
\Gm@layoutheight=\dimen147
\Gm@layouthoffset=\dimen148
\Gm@layoutvoffset=\dimen149
\Gm@dimlist=\toks25

("C:\Program Files\MiKTeX 2.9\tex/latex/geometry\geometry.cfg"))
("C:\Program Files\MiKTeX 2.9\tex/latex/hyperref\hyperref.sty"
Package: hyperref 2019/06/12 v6.88h Hypertext links for LaTeX

("C:\Program Files\MiKTeX 2.9\tex/generic/oberdiek\hobsub-hyperref.sty"
Package: hobsub-hyperref 2016/05/16 v1.14 Bundle oberdiek, subset hyperref (HO)


("C:\Program Files\MiKTeX 2.9\tex/generic/oberdiek\hobsub-generic.sty"
Package: hobsub-generic 2016/05/16 v1.14 Bundle oberdiek, subset generic (HO)
Package: hobsub 2016/05/16 v1.14 Construct package bundles (HO)
Package hobsub Info: Skipping package `infwarerr' (already loaded).
Package hobsub Info: Skipping package `ltxcmds' (already loaded).
Package hobsub Info: Skipping package `ifluatex' (already loaded).
Package hobsub Info: Skipping package `ifvtex' (already loaded).
Package: intcalc 2016/05/16 v1.2 Expandable calculations with integers (HO)
Package hobsub Info: Skipping package `ifpdf' (already loaded).
Package hobsub Info: Skipping package `etexcmds' (already loaded).
Package hobsub Info: Skipping package `kvsetkeys' (already loaded).
Package: kvdefinekeys 2016/05/16 v1.4 Define keys (HO)
Package: pdftexcmds 2019/07/25 v0.30 Utility functions of pdfTeX for LuaTeX (HO
)
Package pdftexcmds Info: LuaTeX not detected.
Package pdftexcmds Info: \pdf@primitive is available.
Package pdftexcmds Info: \pdf@ifprimitive is available.
Package pdftexcmds Info: \pdfdraftmode found.
Package: pdfescape 2016/05/16 v1.14 Implements pdfTeX's escape features (HO)
Package: bigintcalc 2016/05/16 v1.4 Expandable calculations on big integers (HO
)
Package: bitset 2016/05/16 v1.2 Handle bit-vector datatype (HO)
Package: uniquecounter 2016/05/16 v1.3 Provide unlimited unique counter (HO)
)
Package hobsub Info: Skipping package `hobsub' (already loaded).
Package: letltxmacro 2016/05/16 v1.5 Let assignment for LaTeX macros (HO)
Package: hopatch 2016/05/16 v1.3 Wrapper for package hooks (HO)
Package: xcolor-patch 2016/05/16 xcolor patch
Package: atveryend 2016/05/16 v1.9 Hooks at the very end of document (HO)
Package atveryend Info: \enddocument detected (standard20110627).
Package: atbegshi 2016/06/09 v1.18 At begin shipout hook (HO)
Package: refcount 2016/05/16 v3.5 Data extraction from label references (HO)
Package: hycolor 2016/05/16 v1.8 Color options for hyperref/bookmark (HO)
)
("C:\Program Files\MiKTeX 2.9\tex/latex/oberdiek\auxhook.sty"
Package: auxhook 2016/05/16 v1.4 Hooks for auxiliary files (HO)
)
\@linkdim=\dimen150
\Hy@linkcounter=\count120
\Hy@pagecounter=\count121

("C:\Program Files\MiKTeX 2.9\tex/latex/hyperref\pd1enc.def"
File: pd1enc.def 2019/06/12 v6.88h Hyperref: PDFDocEncoding definition (HO)
Now handling font encoding PD1 ...
... no UTF-8 mapping file for font encoding PD1
)
\Hy@SavedSpaceFactor=\count122

("C:\Program Files\MiKTeX 2.9\tex/latex/00miktex\hyperref.cfg"
File: hyperref.cfg 2002/06/06 v1.2 hyperref configuration of TeXLive
)
Package hyperref Info: Option `unicode' set `true' on input line 4424.

("C:\Program Files\MiKTeX 2.9\tex/latex/hyperref\puenc.def"
File: puenc.def 2019/06/12 v6.88h Hyperref: PDF Unicode definition (HO)
Now handling font encoding PU ...
... no UTF-8 mapping file for font encoding PU
)
Package hyperref Info: Option `colorlinks' set `true' on input line 4424.
Package hyperref Info: Option `breaklinks' set `true' on input line 4424.
Package hyperref Info: Hyper figures OFF on input line 4550.
Package hyperref Info: Link nesting OFF on input line 4555.
Package hyperref Info: Hyper index ON on input line 4558.
Package hyperref Info: Plain pages OFF on input line 4565.
Package hyperref Info: Backreferencing OFF on input line 4570.
Package hyperref Info: Implicit mode ON; LaTeX internals redefined.
Package hyperref Info: Bookmarks ON on input line 4803.
\c@Hy@tempcnt=\count123

(C:\Users\tbarnhart\AppData\Roaming\MiKTeX\2.9\tex/latex/url\url.sty
\Urlmuskip=\muskip11
Package: url 2013/09/16  ver 3.4  Verb mode for urls, etc.
)
LaTeX Info: Redefining \url on input line 5156.
\XeTeXLinkMargin=\dimen151
\Fld@menulength=\count124
\Field@Width=\dimen152
\Fld@charsize=\dimen153
Package hyperref Info: Hyper figures OFF on input line 6411.
Package hyperref Info: Link nesting OFF on input line 6416.
Package hyperref Info: Hyper index ON on input line 6419.
Package hyperref Info: backreferencing OFF on input line 6426.
Package hyperref Info: Link coloring ON on input line 6429.
Package hyperref Info: Link coloring with OCG OFF on input line 6436.
Package hyperref Info: PDF/A mode OFF on input line 6441.
LaTeX Info: Redefining \ref on input line 6481.
LaTeX Info: Redefining \pageref on input line 6485.
\Hy@abspage=\count125
\c@Item=\count126
\c@Hfootnote=\count127
)
Package hyperref Info: Driver (autodetected): hpdftex.

("C:\Program Files\MiKTeX 2.9\tex/latex/hyperref\hpdftex.def"
File: hpdftex.def 2019/06/12 v6.88h Hyperref driver for pdfTeX
\Fld@listcount=\count128
\c@bookmark@seq@number=\count129

("C:\Program Files\MiKTeX 2.9\tex/latex/oberdiek\rerunfilecheck.sty"
Package: rerunfilecheck 2016/05/16 v1.8 Rerun checks for auxiliary files (HO)
Package uniquecounter Info: New unique counter `rerunfilecheck' on input line 2
82.
)
\Hy@SectionHShift=\skip74
)
("C:\Program Files\MiKTeX 2.9\tex/latex/oberdiek\hypcap.sty"
Package: hypcap 2016/05/16 v1.12 Adjusting the anchors of captions (HO)
)
\@indexfile=\write4
\openout4 = `StreamStatsDataPreparationTools.idx'.


Writing index file StreamStatsDataPreparationTools.idx

(C:/Users/tbarnhart/projects/datapreptools/build/latex\StreamStatsDataPreparati
onTools.aux)
\openout1 = `StreamStatsDataPreparationTools.aux'.

LaTeX Font Info:    Checking defaults for OML/cmm/m/it on input line 68.
LaTeX Font Info:    ... okay on input line 68.
LaTeX Font Info:    Checking defaults for T1/cmr/m/n on input line 68.
LaTeX Font Info:    ... okay on input line 68.
LaTeX Font Info:    Checking defaults for OT1/cmr/m/n on input line 68.
LaTeX Font Info:    ... okay on input line 68.
LaTeX Font Info:    Checking defaults for OMS/cmsy/m/n on input line 68.
LaTeX Font Info:    ... okay on input line 68.
LaTeX Font Info:    Checking defaults for OMX/cmex/m/n on input line 68.
LaTeX Font Info:    ... okay on input line 68.
LaTeX Font Info:    Checking defaults for U/cmr/m/n on input line 68.
LaTeX Font Info:    ... okay on input line 68.
LaTeX Font Info:    Checking defaults for TS1/cmr/m/n on input line 68.
LaTeX Font Info:    Try loading font information for TS1+cmr on input line 68.
 ("C:\Program Files\MiKTeX 2.9\tex/latex/base\ts1cmr.fd"
File: ts1cmr.fd 2014/09/29 v2.5h Standard LaTeX font definitions
)
LaTeX Font Info:    ... okay on input line 68.
LaTeX Font Info:    Checking defaults for PD1/pdf/m/n on input line 68.
LaTeX Font Info:    ... okay on input line 68.
LaTeX Font Info:    Checking defaults for PU/pdf/m/n on input line 68.
LaTeX Font Info:    ... okay on input line 68.
LaTeX Font Info:    Try loading font information for T1+ptm on input line 68.

("C:\Program Files\MiKTeX 2.9\tex/latex/psnfss\t1ptm.fd"
File: t1ptm.fd 2001/06/04 font definitions for T1/ptm.
)
(C:\Users\tbarnhart\AppData\Roaming\MiKTeX\2.9\tex/context/base/mkii\supp-pdf.m
kii
[Loading MPS to PDF converter (version 2006.09.02).]
\scratchcounter=\count130
\scratchdimen=\dimen154
\scratchbox=\box45
\nofMPsegments=\count131
\nofMParguments=\count132
\everyMPshowfont=\toks26
\MPscratchCnt=\count133
\MPscratchDim=\dimen155
\MPnumerator=\count134
\makeMPintoPDFobject=\count135
\everyMPtoPDFconversion=\toks27
) ("C:\Program Files\MiKTeX 2.9\tex/latex/oberdiek\epstopdf-base.sty"
Package: epstopdf-base 2016/05/15 v2.6 Base part for package epstopdf

("C:\Program Files\MiKTeX 2.9\tex/latex/oberdiek\grfext.sty"
Package: grfext 2016/05/16 v1.2 Manage graphics extensions (HO)
)
Package epstopdf-base Info: Redefining graphics rule for `.eps' on input line 4
38.
Package grfext Info: Graphics extension search list:
(grfext)             [.pdf,.png,.jpg,.mps,.jpeg,.jbig2,.jb2,.PDF,.PNG,.JPG,.JPE
G,.JBIG2,.JB2,.eps]
(grfext)             \AppendGraphicsExtensions on input line 456.
)
*geometry* driver: auto-detecting
*geometry* detected driver: pdftex
*geometry* verbose mode - [ preamble ] result:
* driver: pdftex
* paper: letterpaper
* layout: <same size as paper>
* layoutoffset:(h,v)=(0.0pt,0.0pt)
* modes: twoside 
* h-part:(L,W,R)=(72.26999pt, 469.75502pt, 72.26999pt)
* v-part:(T,H,B)=(72.26999pt, 650.43001pt, 72.26999pt)
* \paperwidth=614.295pt
* \paperheight=794.96999pt
* \textwidth=469.75502pt
* \textheight=650.43001pt
* \oddsidemargin=0.0pt
* \evensidemargin=0.0pt
* \topmargin=-37.0pt
* \headheight=12.0pt
* \headsep=25.0pt
* \topskip=10.0pt
* \footskip=30.0pt
* \marginparwidth=36.135pt
* \marginparsep=11.0pt
* \columnsep=10.0pt
* \skip\footins=9.0pt plus 4.0pt minus 2.0pt
* \hoffset=0.0pt
* \voffset=0.0pt
* \mag=1000
* \@twocolumnfalse
* \@twosidetrue
* \@mparswitchtrue
* \@reversemarginfalse
* (1in=72.27pt=25.4mm, 1cm=28.453pt)

\AtBeginShipoutBox=\box46
Package hyperref Info: Link coloring ON on input line 68.
("C:\Program Files\MiKTeX 2.9\tex/latex/hyperref\nameref.sty"
Package: nameref 2016/05/21 v2.44 Cross-referencing by name of section

("C:\Program Files\MiKTeX 2.9\tex/generic/oberdiek\gettitlestring.sty"
Package: gettitlestring 2016/05/16 v1.5 Cleanup title references (HO)
)
\c@section@level=\count136
)
LaTeX Info: Redefining \ref on input line 68.
LaTeX Info: Redefining \pageref on input line 68.
LaTeX Info: Redefining \nameref on input line 68.

(C:/Users/tbarnhart/projects/datapreptools/build/latex\StreamStatsDataPreparati
onTools.out)
(C:/Users/tbarnhart/projects/datapreptools/build/latex\StreamStatsDataPreparati
onTools.out)
\@outlinefile=\write5
\openout5 = `StreamStatsDataPreparationTools.out'.

Package hyperref Info: Option `pageanchor' set `false' on input line 71.
LaTeX Font Info:    Try loading font information for T1+phv on input line 71.
 ("C:\Program Files\MiKTeX 2.9\tex/latex/psnfss\t1phv.fd"
File: t1phv.fd 2001/06/04 scalable font definitions for T1/phv.
)
LaTeX Font Info:    Font shape `T1/phv/bx/n' in size <10> not available
(Font)              Font shape `T1/phv/b/n' tried instead on input line 71.
LaTeX Font Info:    Font shape `T1/phv/bx/n' in size <24.88> not available
(Font)              Font shape `T1/phv/b/n' tried instead on input line 71.
LaTeX Font Info:    Font shape `T1/phv/bx/it' in size <10> not available
(Font)              Font shape `T1/phv/b/it' tried instead on input line 71.
LaTeX Font Info:    Font shape `T1/phv/b/it' in size <10> not available
(Font)              Font shape `T1/phv/b/sl' tried instead on input line 71.
LaTeX Font Info:    Font shape `T1/phv/bx/it' in size <17.28> not available
(Font)              Font shape `T1/phv/b/it' tried instead on input line 71.
LaTeX Font Info:    Font shape `T1/phv/b/it' in size <17.28> not available
(Font)              Font shape `T1/phv/b/sl' tried instead on input line 71.
LaTeX Font Info:    Font shape `T1/phv/bx/n' in size <17.28> not available
(Font)              Font shape `T1/phv/b/n' tried instead on input line 71.
<<ot1.cmap>><<oml.cmap>><<oms.cmap>><<omx.cmap>>
LaTeX Font Info:    Try loading font information for U+msa on input line 71.

("C:\Program Files\MiKTeX 2.9\tex/latex/amsfonts\umsa.fd"
File: umsa.fd 2013/01/14 v3.01 AMS symbols A
)
LaTeX Font Info:    Try loading font information for U+msb on input line 71.

("C:\Program Files\MiKTeX 2.9\tex/latex/amsfonts\umsb.fd"
File: umsb.fd 2013/01/14 v3.01 AMS symbols B
)
LaTeX Font Info:    Font shape `T1/phv/bx/n' in size <12> not available
(Font)              Font shape `T1/phv/b/n' tried instead on input line 71.
 [1

{C:/Users/tbarnhart/AppData/Local/MiKTeX/2.9/pdftex/config/pdftex.map}] [2


]
LaTeX Font Info:    Font shape `T1/phv/bx/n' in size <14.4> not available
(Font)              Font shape `T1/phv/b/n' tried instead on input line 73.

(C:/Users/tbarnhart/projects/datapreptools/build/latex\StreamStatsDataPreparati
onTools.toc
LaTeX Font Info:    Font shape `T1/ptm/bx/n' in size <10> not available
(Font)              Font shape `T1/ptm/b/n' tried instead on input line 2.
)
\tf@toc=\write6
\openout6 = `StreamStatsDataPreparationTools.toc'.

 [1

] [2

]
Chapter 1.
[1

] [2

]
Chapter 2.
[3] [4

]
Chapter 3.
LaTeX Font Info:    Try loading font information for TS1+ptm on input line 118.

("C:\Program Files\MiKTeX 2.9\tex/latex/psnfss\ts1ptm.fd"
File: ts1ptm.fd 2001/06/04 font definitions for TS1/ptm.
) [5]

Package textcomp Warning: Symbol \textleftarrow not provided by
(textcomp)                font family ptm in TS1 encoding.
(textcomp)                Default family used instead on input line 206.

[6]
<wbdexample1.png, id=105, 161.10187pt x 173.14688pt>
LaTeX Font Info:    Try loading font information for T1+pcr on input line 274.
 ("C:\Program Files\MiKTeX 2.9\tex/latex/psnfss\t1pcr.fd"
File: t1pcr.fd 2001/06/04 font definitions for T1/pcr.
)
File: wbdexample1.png Graphic file (type png)
<use wbdexample1.png>
Package pdftex.def Info: wbdexample1.png  used on input line 274.
(pdftex.def)             Requested size: 161.10147pt x 173.14645pt.
<tablehuc8.png, id=107, 634.62094pt x 119.69719pt>
File: tablehuc8.png Graphic file (type png)
<use tablehuc8.png>
Package pdftex.def Info: tablehuc8.png  used on input line 281.
(pdftex.def)             Requested size: 469.75502pt x 88.60374pt.
<tablehuc12.png, id=108, 335.75438pt x 143.03438pt>
File: tablehuc12.png Graphic file (type png)
<use tablehuc12.png>
Package pdftex.def Info: tablehuc12.png  used on input line 288.
(pdftex.def)             Requested size: 335.75356pt x 143.03401pt.


! LaTeX Error: Too deeply nested.

See the LaTeX manual or LaTeX Companion for explanation.
Type  H <return>  for immediate help.
 ...                                              
                                                  
l.332 \begin{itemize}
                     
? 
[7 <C:/Users/tbarnhart/projects/datapreptools/build/latex/wbdexample1.png> <C:/
Users/tbarnhart/projects/datapreptools/build/latex/tablehuc8.png>]
<queryblock.png, id=117, 563.10374pt x 423.08063pt>
File: queryblock.png Graphic file (type png)
<use queryblock.png>
Package pdftex.def Info: queryblock.png  used on input line 388.
(pdftex.def)             Requested size: 469.75502pt x 352.94505pt.
<nhdnaming.png, id=119, 134.00063pt x 55.70813pt>
File: nhdnaming.png Graphic file (type png)
<use nhdnaming.png>
Package pdftex.def Info: nhdnaming.png  used on input line 422.
(pdftex.def)             Requested size: 134.00027pt x 55.70798pt.
 [8 <C:/Users/tbarnhart/projects/datapreptools/build/latex/tablehuc12.png>] [9 
<C:/Users/tbarnhart/projects/datapreptools/build/latex/queryblock.png> <C:/User
s/tbarnhart/projects/datapreptools/build/latex/nhdnaming.png>]
<databasesetup.png, id=137, 348.55219pt x 310.15875pt>
File: databasesetup.png Graphic file (type png)
<use databasesetup.png>
Package pdftex.def Info: databasesetup.png  used on input line 473.
(pdftex.def)             Requested size: 348.55132pt x 310.15799pt.
 [10] [11 <C:/Users/tbarnhart/projects/datapreptools/build/latex/databasesetup.
png>]
<makenedindex.png, id=161, 348.55219pt x 231.86626pt>
File: makenedindex.png Graphic file (type png)
<use makenedindex.png>
Package pdftex.def Info: makenedindex.png  used on input line 573.
(pdftex.def)             Requested size: 348.55132pt x 231.86568pt.
<extpolyarea.png, id=162, 354.57469pt x 200.24812pt>
File: extpolyarea.png Graphic file (type png)
<use extpolyarea.png>
Package pdftex.def Info: extpolyarea.png  used on input line 606.
(pdftex.def)             Requested size: 354.57382pt x 200.24763pt.
 [12] [13 <C:/Users/tbarnhart/projects/datapreptools/build/latex/makenedindex.p
ng> <C:/Users/tbarnhart/projects/datapreptools/build/latex/extpolyarea.png>]
Underfull \hbox (badness 10000) in paragraph at lines 627--628
[]\T1/ptm/m/n/10 OutPolys.shp: `No-Dat-aChk' (put in 01091111). The out-put (de
-fault =
 []

<checknodata.png, id=189, 426.84468pt x 139.27031pt>
File: checknodata.png Graphic file (type png)
<use checknodata.png>
Package pdftex.def Info: checknodata.png  used on input line 638.
(pdftex.def)             Requested size: 426.84364pt x 139.26996pt.
<nodatainsouts.jpg, id=190, 794.97pt x 614.295pt>
File: nodatainsouts.jpg Graphic file (type jpg)
<use nodatainsouts.jpg>
Package pdftex.def Info: nodatainsouts.jpg  used on input line 654.
(pdftex.def)             Requested size: 469.75502pt x 363.00267pt.
[14 <C:/Users/tbarnhart/projects/datapreptools/build/latex/checknodata.png>]
[15 <C:/Users/tbarnhart/projects/datapreptools/build/latex/nodatainsouts.jpg>]
<projectscalened.png, id=214, 351.56343pt x 266.49562pt>
File: projectscalened.png Graphic file (type png)
<use projectscalened.png>
Package pdftex.def Info: projectscalened.png  used on input line 706.
(pdftex.def)             Requested size: 351.56256pt x 266.49496pt.

[16 <C:/Users/tbarnhart/projects/datapreptools/build/latex/projectscalened.png>
] [17] [18]
<laboundarycross.png, id=234, 938.75719pt x 610.53094pt>
File: laboundarycross.png Graphic file (type png)
<use laboundarycross.png>
Package pdftex.def Info: laboundarycross.png  used on input line 1014.
(pdftex.def)             Requested size: 469.75502pt x 305.50693pt.
 [19] [20 <C:/Users/tbarnhart/projects/datapreptools/build/latex/laboundarycros
s.png>]
<bathgradsetup.png, id=248, 352.31625pt x 311.66437pt>
File: bathgradsetup.png Graphic file (type png)
<use bathgradsetup.png>
Package pdftex.def Info: bathgradsetup.png  used on input line 1159.
(pdftex.def)             Requested size: 352.31538pt x 311.6636pt.
 [21] [22 <C:/Users/tbarnhart/projects/datapreptools/build/latex/bathgradsetup.
png>] [23]
<prehydrodem.png, id=281, 352.31625pt x 301.8778pt>
File: prehydrodem.png Graphic file (type png)
<use prehydrodem.png>
Package pdftex.def Info: prehydrodem.png  used on input line 1302.
(pdftex.def)             Requested size: 352.31538pt x 301.87706pt.
 [24 <C:/Users/tbarnhart/projects/datapreptools/build/latex/prehydrodem.png>]
<runhydrodem.png, id=292, 356.83313pt x 421.575pt>
File: runhydrodem.png Graphic file (type png)
<use runhydrodem.png>
Package pdftex.def Info: runhydrodem.png  used on input line 1368.
(pdftex.def)             Requested size: 356.83224pt x 421.57396pt.
<hydrodeminprogress.png, id=293, 527.72156pt x 362.85562pt>
File: hydrodeminprogress.png Graphic file (type png)
<use hydrodeminprogress.png>
Package pdftex.def Info: hydrodeminprogress.png  used on input line 1377.
(pdftex.def)             Requested size: 469.75502pt x 322.99585pt.
 [25] [26 <C:/Users/tbarnhart/projects/datapreptools/build/latex/runhydrodem.pn
g>] [27 <C:/Users/tbarnhart/projects/datapreptools/build/latex/hydrodeminprogre
ss.png>]
Underfull \hbox (badness 10000) in paragraph at lines 1532--1532
[]\T1/phv/m/n/10 10-m
 []


Underfull \hbox (badness 10000) in paragraph at lines 1532--1532
[]\T1/phv/m/n/10 30-m
 []


Underfull \hbox (badness 10000) in paragraph at lines 1532--1532
[]\T1/phv/m/n/10 30-ft
 []


Underfull \hbox (badness 10000) in paragraph at lines 1532--1532
[]\T1/phv/m/n/10 10-ft
 []


Underfull \hbox (badness 10000) in paragraph at lines 1532--1532
[]\T1/phv/m/n/10 Ex-er-cise
 []


Underfull \hbox (badness 10000) in paragraph at lines 1532--1532
[]\T1/phv/m/n/10 3-m
 []


Overfull \hbox (9.52876pt too wide) in paragraph at lines 1532--1532
[]\T1/ptm/m/n/10 1,666,667| 
 []

[28]
<topogridinputs.png, id=321, 474.27188pt x 492.33937pt>
File: topogridinputs.png Graphic file (type png)
<use topogridinputs.png>
Package pdftex.def Info: topogridinputs.png  used on input line 1568.
(pdftex.def)             Requested size: 469.75502pt x 487.66537pt.
<topogridenvsettings.png, id=322, 476.53032pt x 268.75406pt>
File: topogridenvsettings.png Graphic file (type png)
<use topogridenvsettings.png>
Package pdftex.def Info: topogridenvsettings.png  used on input line 1594.
(pdftex.def)             Requested size: 469.75502pt x 264.9478pt.
 [29] [30 <C:/Users/tbarnhart/projects/datapreptools/build/latex/topogridinputs
.png>] [31 <C:/Users/tbarnhart/projects/datapreptools/build/latex/topogridenvse
ttings.png>]
Underfull \hbox (badness 10000) in paragraph at lines 1730--1730
[]\T1/phv/m/n/10 10-m
 []


Underfull \hbox (badness 10000) in paragraph at lines 1730--1730
[]\T1/phv/m/n/10 30-m
 []


Underfull \hbox (badness 10000) in paragraph at lines 1730--1730
[]\T1/phv/m/n/10 30-ft
 []


Underfull \hbox (badness 10000) in paragraph at lines 1730--1730
[]\T1/phv/m/n/10 10-ft
 []


Underfull \hbox (badness 10000) in paragraph at lines 1730--1730
[]\T1/phv/m/n/10 Ex-er-cise
 []


Underfull \hbox (badness 10000) in paragraph at lines 1730--1730
[]\T1/phv/m/n/10 3-m
 []


Overfull \hbox (9.52876pt too wide) in paragraph at lines 1730--1730
[]\T1/ptm/m/n/10 1,666,667| 
 []

<terrainprepromini.png, id=346, 143.03438pt x 42.91031pt>
File: terrainprepromini.png Graphic file (type png)
<use terrainprepromini.png>
Package pdftex.def Info: terrainprepromini.png  used on input line 1755.
(pdftex.def)             Requested size: 143.03401pt x 42.91019pt.
<targetlocations.png, id=347, 378.66469pt x 143.78719pt>
File: targetlocations.png Graphic file (type png)
<use targetlocations.png>
Package pdftex.def Info: targetlocations.png  used on input line 1792.
(pdftex.def)             Requested size: 378.66376pt x 143.78683pt.
<streamdefinitiontoolbar.png, id=348, 272.51813pt x 243.91125pt>
File: streamdefinitiontoolbar.png Graphic file (type png)
<use streamdefinitiontoolbar.png>
Package pdftex.def Info: streamdefinitiontoolbar.png  used on input line 1804.
(pdftex.def)             Requested size: 272.51746pt x 243.91064pt.
<str900thresholds.jpg, id=349, 217.5628pt x 185.19188pt>
File: str900thresholds.jpg Graphic file (type jpg)
<use str900thresholds.jpg>
Package pdftex.def Info: str900thresholds.jpg  used on input line 1838.
(pdftex.def)             Requested size: 217.56227pt x 185.1914pt.
[32 <C:/Users/tbarnhart/projects/datapreptools/build/latex/terrainprepromini.pn
g>] [33 <C:/Users/tbarnhart/projects/datapreptools/build/latex/targetlocations.
png> <C:/Users/tbarnhart/projects/datapreptools/build/latex/streamdefinitiontoo
lbar.png>] [34 <C:/Users/tbarnhart/projects/datapreptools/build/latex/str900thr
esholds.jpg>] [35]
File: streamdefinitiontoolbar.png Graphic file (type png)
<use streamdefinitiontoolbar.png>
Package pdftex.def Info: streamdefinitiontoolbar.png  used on input line 2063.
(pdftex.def)             Requested size: 272.51746pt x 243.91064pt.
File: str900thresholds.jpg Graphic file (type jpg)
<use str900thresholds.jpg>
Package pdftex.def Info: str900thresholds.jpg  used on input line 2099.
(pdftex.def)             Requested size: 217.56227pt x 185.1914pt.
 [36]
<sinkwatershedtool.png, id=389, 444.15938pt x 317.68687pt>
File: sinkwatershedtool.png Graphic file (type png)
<use sinkwatershedtool.png>
Package pdftex.def Info: sinkwatershedtool.png  used on input line 2150.
(pdftex.def)             Requested size: 444.15828pt x 317.68608pt.


LaTeX Warning: File `{images/streamsegmenttool}.png' not found on input line 21
57.


LaTeX Warning: File `{images/streamsegmenttool}.png' not found on input line 21
57.


! Package pdftex.def Error: File `images/streamsegmenttool.png' not found: usin
g draft setting.

See the pdftex.def package documentation for explanation.
Type  H <return>  for immediate help.
 ...                                              
                                                  
l.2157 ...graphics{{images/streamsegmenttool}.png}
                                                  
? 
<streamsegmentsink.png, id=390, 195.73125pt x 184.43906pt>
File: streamsegmentsink.png Graphic file (type png)
<use streamsegmentsink.png>
Package pdftex.def Info: streamsegmentsink.png  used on input line 2180.
(pdftex.def)             Requested size: 195.73076pt x 184.4386pt.
<combinestreamsink.png, id=391, 290.58563pt x 277.78781pt>
File: combinestreamsink.png Graphic file (type png)
<use combinestreamsink.png>
Package pdftex.def Info: combinestreamsink.png  used on input line 2187.
(pdftex.def)             Requested size: 290.58492pt x 277.78711pt.
<combinestreamsinkinputs.png, id=392, 186.6975pt x 164.86594pt>
File: combinestreamsinkinputs.png Graphic file (type png)
<use combinestreamsinkinputs.png>
Package pdftex.def Info: combinestreamsinkinputs.png  used on input line 2210.
(pdftex.def)             Requested size: 186.69704pt x 164.86551pt.
[37] [38 <C:/Users/tbarnhart/projects/datapreptools/build/latex/sinkwatershedto
ol.png>] [39 <C:/Users/tbarnhart/projects/datapreptools/build/latex/streamsegme
ntsink.png> <C:/Users/tbarnhart/projects/datapreptools/build/latex/combinestrea
msink.png>]
<catgriddelinsink.png, id=414, 195.73125pt x 145.29282pt>
File: catgriddelinsink.png Graphic file (type png)
<use catgriddelinsink.png>
Package pdftex.def Info: catgriddelinsink.png  used on input line 2230.
(pdftex.def)             Requested size: 195.73076pt x 145.29245pt.
<catpoly2.png, id=415, 444.91219pt x 316.18124pt>
File: catpoly2.png Graphic file (type png)
<use catpoly2.png>
Package pdftex.def Info: catpoly2.png  used on input line 2250.
(pdftex.def)             Requested size: 444.91109pt x 316.18047pt.
<adjcatproc2.png, id=416, 445.665pt x 317.68687pt>
File: adjcatproc2.png Graphic file (type png)
<use adjcatproc2.png>
Package pdftex.def Info: adjcatproc2.png  used on input line 2279.
(pdftex.def)             Requested size: 445.66391pt x 317.68608pt.
 [40 <C:/Users/tbarnhart/projects/datapreptools/build/latex/combinestreamsinkin
puts.png> <C:/Users/tbarnhart/projects/datapreptools/build/latex/catgriddelinsi
nk.png>] [41 <C:/Users/tbarnhart/projects/datapreptools/build/latex/catpoly2.pn
g>] [42 <C:/Users/tbarnhart/projects/datapreptools/build/latex/adjcatproc2.png>
]
<drainptproc2.png, id=437, 445.665pt x 316.18124pt>
File: drainptproc2.png Graphic file (type png)
<use drainptproc2.png>
Package pdftex.def Info: drainptproc2.png  used on input line 2328.
(pdftex.def)             Requested size: 445.66391pt x 316.18047pt.
 [43 <C:/Users/tbarnhart/projects/datapreptools/build/latex/drainptproc2.png>] 
[44]

! Package inputenc Error: Unicode character  (U+2265)
(inputenc)                not set up for use with LaTeX.

See the inputenc package documentation for explanation.
Type  H <return>  for immediate help.
 ...                                              
                                                  
l.2477 ...statement should read (Con fdr 
                                                  0, 130). You can use any n...

? 
<confdrblob.png, id=459, 451.6875pt x 253.69781pt>
File: confdrblob.png Graphic file (type png)
<use confdrblob.png>
Package pdftex.def Info: confdrblob.png  used on input line 2493.
(pdftex.def)             Requested size: 451.68639pt x 253.69719pt.
<blobrastopoly.png, id=460, 453.19313pt x 169.38281pt>
File: blobrastopoly.png Graphic file (type png)
<use blobrastopoly.png>
Package pdftex.def Info: blobrastopoly.png  used on input line 2516.
(pdftex.def)             Requested size: 453.19202pt x 169.38239pt.
[45 <C:/Users/tbarnhart/projects/datapreptools/build/latex/confdrblob.png>]
[46 <C:/Users/tbarnhart/projects/datapreptools/build/latex/blobrastopoly.png>]
[47]
<outlet.png, id=480, 655.69969pt x 352.31625pt>
File: outlet.png Graphic file (type png)
<use outlet.png>
Package pdftex.def Info: outlet.png  used on input line 2703.
(pdftex.def)             Requested size: 469.75502pt x 252.40953pt.
<flowpathbutton.png, id=481, 289.83281pt x 103.88812pt>
File: flowpathbutton.png Graphic file (type png)
<use flowpathbutton.png>
Package pdftex.def Info: flowpathbutton.png  used on input line 2715.
(pdftex.def)             Requested size: 289.83209pt x 103.88786pt.

Overfull \hbox (27.51068pt too wide) in paragraph at lines 2719--2719
[]
 []


Underfull \hbox (badness 10000) in paragraph at lines 2719--2719

 []

[48 <C:/Users/tbarnhart/projects/datapreptools/build/latex/outlet.png>]
<flowtraceinput.png, id=490, 195.73125pt x 106.89937pt>
File: flowtraceinput.png Graphic file (type png)
<use flowtraceinput.png>
Package pdftex.def Info: flowtraceinput.png  used on input line 2739.
(pdftex.def)             Requested size: 195.73076pt x 106.8991pt.
<flowtracegraphic.png, id=491, 212.29312pt x 155.07938pt>
File: flowtracegraphic.png Graphic file (type png)
<use flowtracegraphic.png>
Package pdftex.def Info: flowtracegraphic.png  used on input line 2751.
(pdftex.def)             Requested size: 212.2926pt x 155.07898pt.
<graphicselected.png, id=492, 261.97874pt x 188.20313pt>
File: graphicselected.png Graphic file (type png)
<use graphicselected.png>
Package pdftex.def Info: graphicselected.png  used on input line 2769.
(pdftex.def)             Requested size: 261.9781pt x 188.20265pt.
<xtoolsgraphicsshape.png, id=493, 554.07pt x 265.74281pt>
File: xtoolsgraphicsshape.png Graphic file (type png)
<use xtoolsgraphicsshape.png>
Package pdftex.def Info: xtoolsgraphicsshape.png  used on input line 2786.
(pdftex.def)             Requested size: 469.75502pt x 225.3026pt.

[49 <C:/Users/tbarnhart/projects/datapreptools/build/latex/flowpathbutton.png> 
<C:/Users/tbarnhart/projects/datapreptools/build/latex/flowtraceinput.png> <C:/
Users/tbarnhart/projects/datapreptools/build/latex/flowtracegraphic.png>]
[50 <C:/Users/tbarnhart/projects/datapreptools/build/latex/graphicselected.png>
 <C:/Users/tbarnhart/projects/datapreptools/build/latex/xtoolsgraphicsshape.png
>] [51]
<newgeonet.png, id=520, 331.99031pt x 284.56313pt>
File: newgeonet.png Graphic file (type png)
<use newgeonet.png>
Package pdftex.def Info: newgeonet.png  used on input line 2955.
(pdftex.def)             Requested size: 331.98949pt x 284.56242pt.
<buildfeaturenewgeonet.png, id=521, 328.97906pt x 289.83281pt>
File: buildfeaturenewgeonet.png Graphic file (type png)
<use buildfeaturenewgeonet.png>
Package pdftex.def Info: buildfeaturenewgeonet.png  used on input line 2967.
(pdftex.def)             Requested size: 328.97826pt x 289.83209pt.
<preservevalues.png, id=522, 331.99031pt x 284.56313pt>
File: preservevalues.png Graphic file (type png)
<use preservevalues.png>
Package pdftex.def Info: preservevalues.png  used on input line 2985.
(pdftex.def)             Requested size: 331.98949pt x 284.56242pt.
<summarygeonet.png, id=523, 328.97906pt x 289.83281pt>
File: summarygeonet.png Graphic file (type png)
<use summarygeonet.png>
Package pdftex.def Info: summarygeonet.png  used on input line 3000.
(pdftex.def)             Requested size: 328.97826pt x 289.83209pt.
<geonetgdbview.png, id=524, 172.39406pt x 80.55093pt>
File: geonetgdbview.png Graphic file (type png)
<use geonetgdbview.png>
Package pdftex.def Info: geonetgdbview.png  used on input line 3012.
(pdftex.def)             Requested size: 172.39363pt x 80.55074pt.
 [52] [53 <C:/Users/tbarnhart/projects/datapreptools/build/latex/newgeonet.png>
 <C:/Users/tbarnhart/projects/datapreptools/build/latex/buildfeaturenewgeonet.p
ng>] [54 <C:/Users/tbarnhart/projects/datapreptools/build/latex/preservevalues.
png> <C:/Users/tbarnhart/projects/datapreptools/build/latex/summarygeonet.png>]
<assignhydroid.png, id=548, 519.44063pt x 118.19156pt>
File: assignhydroid.png Graphic file (type png)
<use assignhydroid.png>
Package pdftex.def Info: assignhydroid.png  used on input line 3051.
(pdftex.def)             Requested size: 469.75502pt x 106.88539pt.
<setfdtoolbar.png, id=549, 584.93532pt x 199.49532pt>
File: setfdtoolbar.png Graphic file (type png)
<use setfdtoolbar.png>
Package pdftex.def Info: setfdtoolbar.png  used on input line 3066.
(pdftex.def)             Requested size: 469.75502pt x 160.21744pt.
 [55 <C:/Users/tbarnhart/projects/datapreptools/build/latex/geonetgdbview.png> 
<C:/Users/tbarnhart/projects/datapreptools/build/latex/assignhydroid.png> <C:/U
sers/tbarnhart/projects/datapreptools/build/latex/setfdtoolbar.png>]
<setfdinputs.png, id=560, 394.47375pt x 198.7425pt>
File: setfdinputs.png Graphic file (type png)
<use setfdinputs.png>
Package pdftex.def Info: setfdinputs.png  used on input line 3086.
(pdftex.def)             Requested size: 394.47278pt x 198.742pt.
<attribtxfrmapping.png, id=561, 236.38312pt x 283.81032pt>
File: attribtxfrmapping.png Graphic file (type png)
<use attribtxfrmapping.png>
Package pdftex.def Info: attribtxfrmapping.png  used on input line 3137.
(pdftex.def)             Requested size: 236.38254pt x 283.80962pt.
<attribtxfrinputs.png, id=562, 330.48468pt x 339.51843pt>
File: attribtxfrinputs.png Graphic file (type png)
<use attribtxfrinputs.png>
Package pdftex.def Info: attribtxfrinputs.png  used on input line 3160.
(pdftex.def)             Requested size: 330.48387pt x 339.5176pt.
<spatadjtoolbar.png, id=563, 334.24875pt x 75.28125pt>
File: spatadjtoolbar.png Graphic file (type png)
<use spatadjtoolbar.png>
Package pdftex.def Info: spatadjtoolbar.png  used on input line 3180.
(pdftex.def)             Requested size: 334.24792pt x 75.28105pt.
<spatadjjxn.png, id=564, 571.38469pt x 272.51813pt>
File: spatadjjxn.png Graphic file (type png)
<use spatadjjxn.png>
Package pdftex.def Info: spatadjjxn.png  used on input line 3192.
(pdftex.def)             Requested size: 469.75502pt x 224.04846pt.
<spatadjupstrm.png, id=565, 422.32782pt x 350.81062pt>
File: spatadjupstrm.png Graphic file (type png)
<use spatadjupstrm.png>
Package pdftex.def Info: spatadjupstrm.png  used on input line 3204.
(pdftex.def)             Requested size: 422.32678pt x 350.80975pt.

[56 <C:/Users/tbarnhart/projects/datapreptools/build/latex/setfdinputs.png>]
<jxnidtable.png, id=572, 639.89063pt x 225.84375pt>
File: jxnidtable.png Graphic file (type png)
<use jxnidtable.png>
Package pdftex.def Info: jxnidtable.png  used on input line 3219.
(pdftex.def)             Requested size: 469.75502pt x 165.79845pt.
<spatadjcoast.png, id=573, 359.84438pt x 320.69812pt>
File: spatadjcoast.png Graphic file (type png)
<use spatadjcoast.png>
Package pdftex.def Info: spatadjcoast.png  used on input line 3242.
(pdftex.def)             Requested size: 359.84349pt x 320.69733pt.

[57 <C:/Users/tbarnhart/projects/datapreptools/build/latex/attribtxfrmapping.pn
g>] [58 <C:/Users/tbarnhart/projects/datapreptools/build/latex/attribtxfrinputs
.png> <C:/Users/tbarnhart/projects/datapreptools/build/latex/spatadjtoolbar.png
>]
<newrelshpinputs.png, id=588, 400.49625pt x 429.10312pt>
File: newrelshpinputs.png Graphic file (type png)
<use newrelshpinputs.png>
Package pdftex.def Info: newrelshpinputs.png  used on input line 3279.
(pdftex.def)             Requested size: 400.49527pt x 429.10207pt.
<newrelshplabel.png, id=589, 400.49625pt x 429.10312pt>
File: newrelshplabel.png Graphic file (type png)
<use newrelshplabel.png>
Package pdftex.def Info: newrelshplabel.png  used on input line 3305.
(pdftex.def)             Requested size: 400.49527pt x 429.10207pt.
<newrelshpprimkey.png, id=590, 392.96812pt x 419.31656pt>
File: newrelshpprimkey.png Graphic file (type png)
<use newrelshpprimkey.png>
Package pdftex.def Info: newrelshpprimkey.png  used on input line 3323.
(pdftex.def)             Requested size: 392.96715pt x 419.31552pt.
 [59 <C:/Users/tbarnhart/projects/datapreptools/build/latex/spatadjjxn.png>]
[60 <C:/Users/tbarnhart/projects/datapreptools/build/latex/spatadjupstrm.png> <
C:/Users/tbarnhart/projects/datapreptools/build/latex/jxnidtable.png>] [61 <C:/
Users/tbarnhart/projects/datapreptools/build/latex/spatadjcoast.png>] [62 <C:/U
sers/tbarnhart/projects/datapreptools/build/latex/newrelshpinputs.png>]
[63 <C:/Users/tbarnhart/projects/datapreptools/build/latex/newrelshplabel.png>]
[64 <C:/Users/tbarnhart/projects/datapreptools/build/latex/newrelshpprimkey.png
>]
<delinbuttons.png, id=625, 1544.01843pt x 78.2925pt>
File: delinbuttons.png Graphic file (type png)
<use delinbuttons.png>
Package pdftex.def Info: delinbuttons.png  used on input line 3369.
(pdftex.def)             Requested size: 469.75502pt x 23.82004pt.
<globaldelinpaths.png, id=626, 633.86812pt x 657.95813pt>
File: globaldelinpaths.png Graphic file (type png)
<use globaldelinpaths.png>
Package pdftex.def Info: globaldelinpaths.png  used on input line 3395.
(pdftex.def)             Requested size: 469.75502pt x 487.62433pt.
<snappoint.png, id=627, 571.38469pt x 486.31688pt>
File: snappoint.png Graphic file (type png)
<use snappoint.png>
Package pdftex.def Info: snappoint.png  used on input line 3443.
(pdftex.def)             Requested size: 469.75502pt x 399.8213pt.
<tempdelin.png, id=628, 469.755pt x 285.2256pt>
File: tempdelin.png Graphic file (type png)
<use tempdelin.png>
Package pdftex.def Info: tempdelin.png  used on input line 3463.
(pdftex.def)             Requested size: 469.75386pt x 285.22488pt.
<doggo.jpg, id=629, 401.5pt x 383.4325pt>
File: doggo.jpg Graphic file (type jpg)
<use doggo.jpg>
Package pdftex.def Info: doggo.jpg  used on input line 3493.
(pdftex.def)             Requested size: 401.49901pt x 383.43156pt.
<osabear.JPG, id=630, 1189.44376pt x 2161.07375pt>
File: osabear.JPG Graphic file (type jpg)
<use osabear.JPG>
Package pdftex.def Info: osabear.JPG  used on input line 3499.
(pdftex.def)             Requested size: 124.28726pt x 225.84229pt.
 [65 <C:/Users/tbarnhart/projects/datapreptools/build/latex/delinbuttons.png>] 
[66 <C:/Users/tbarnhart/projects/datapreptools/build/latex/globaldelinpaths.png
>] [67 <C:/Users/tbarnhart/projects/datapreptools/build/latex/snappoint.png>] [
68 <C:/Users/tbarnhart/projects/datapreptools/build/latex/tempdelin.png>]
LaTeX Font Info:    Font shape `T1/pcr/bx/n' in size <10> not available
(Font)              Font shape `T1/pcr/b/n' tried instead on input line 3510.
LaTeX Font Info:    Font shape `T1/pcr/m/it' in size <10> not available
(Font)              Font shape `T1/pcr/m/sl' tried instead on input line 3513.

[69 <C:/Users/tbarnhart/projects/datapreptools/build/latex/doggo.jpg>]
Overfull \vbox (249.66997pt too high) has occurred while \output is active []


[70 <C:/Users/tbarnhart/projects/datapreptools/build/latex/osabear.JPG>]
[71]
Underfull \hbox (badness 10000) in paragraph at lines 3778--3780
[]\T1/ptm/m/n/10 [GPString] Name of out-put fea-ture class, de-faults to
 []

[72] [73]
Underfull \hbox (badness 10000) in paragraph at lines 4005--4007
[]
 []

[74] [75] [76] [77] [78]
Underfull \hbox (badness 10000) in paragraph at lines 4549--4549
[]\T1/ptm/m/it/10 output_workspace\T1/ptm/m/n/10 , \T1/ptm/m/it/10 out-put_gdb_
name\T1/ptm/m/n/10 , \T1/ptm/m/it/10 hu_dataset\T1/ptm/m/n/10 , \T1/ptm/m/it/10
 hu8_field\T1/ptm/m/n/10 ,
 []

[79] [80]
Underfull \hbox (badness 10000) in paragraph at lines 4758--4760
[]\T1/ptm/m/n/10 output
 []

[81] [82] [83] [84] [85] [86]
Chapter 4.
[87

] [88

] [89


]
No file StreamStatsDataPreparationTools.ind.
Package atveryend Info: Empty hook `BeforeClearDocument' on input line 5271.
Package atveryend Info: Empty hook `AfterLastShipout' on input line 5271.
(StreamStatsDataPreparationTools.aux)
Package atveryend Info: Executing hook `AtVeryEndDocument' on input line 5271.
Package atveryend Info: Executing hook `AtEndAfterFileList' on input line 5271.

Package rerunfilecheck Info: File `StreamStatsDataPreparationTools.out' has not
 changed.
(rerunfilecheck)             Checksum: 0E3E4D6D85D441FC9CCB04E9732566B7;1161.
Package atveryend Info: Empty hook `AtVeryVeryEnd' on input line 5271.
 ) 
Here is how much of TeX's memory you used:
 14250 strings out of 492895
 204434 string characters out of 3133468
 304723 words of memory out of 3000000
 17437 multiletter control sequences out of 15000+200000
 51850 words of font info for 73 fonts, out of 3000000 for 9000
 1142 hyphenation exceptions out of 8191
 37i,12n,46p,1103b,671s stack positions out of 5000i,500n,10000p,200000b,50000s
{C:/Program Files/MiKTeX 2.9/fonts/enc/dvips/base/8r.enc} <C:\Users\tbarnhart
\AppData\Local\MiKTeX\2.9\fonts/pk/ljfour/jknappen/ec/dpi600\tcrm1000.pk><C:/Pr
ogram Files/MiKTeX 2.9/fonts/type1/public/amsfonts/cm/cmsy10.pfb><C:/Program Fi
les/MiKTeX 2.9/fonts/type1/urw/courier/ucrb8a.pfb><C:/Program Files/MiKTeX 2.9/
fonts/type1/urw/courier/ucrr8a.pfb><C:/Program Files/MiKTeX 2.9/fonts/type1/urw
/courier/ucrro8a.pfb><C:/Program Files/MiKTeX 2.9/fonts/type1/urw/helvetic/uhvb
8a.pfb><C:/Program Files/MiKTeX 2.9/fonts/type1/urw/helvetic/uhvbo8a.pfb><C:/Pr
ogram Files/MiKTeX 2.9/fonts/type1/urw/helvetic/uhvr8a.pfb><C:/Program Files/Mi
KTeX 2.9/fonts/type1/urw/times/utmb8a.pfb><C:/Program Files/MiKTeX 2.9/fonts/ty
pe1/urw/times/utmr8a.pfb><C:/Program Files/MiKTeX 2.9/fonts/type1/urw/times/utm
ri8a.pfb>
Output written on StreamStatsDataPreparationTools.pdf (93 pages, 2661942 bytes)
.
PDF statistics:
 984 PDF objects out of 1000 (max. 8388607)
 375 named destinations out of 1000 (max. 500000)
 395 words of extra memory for PDF output out of 10000 (max. 10000000)

