\BOOKMARK [0][-]{chapter.1}{\376\377\000D\000a\000t\000a\000\040\000P\000r\000e\000p\000a\000r\000a\000t\000i\000o\000n\000\040\000W\000o\000r\000k\000f\000l\000o\000w}{}% 1
\BOOKMARK [1][-]{section.1.1}{\376\377\000F\000i\000r\000s\000t\000\040\000S\000t\000e\000p\000s}{chapter.1}% 2
\BOOKMARK [0][-]{chapter.2}{\376\377\000S\000t\000r\000e\000a\000m\000S\000t\000a\000t\000s\000\137\000D\000a\000t\000a\000P\000r\000e\000p\000\040\000E\000S\000R\000I\000\040\000T\000o\000o\000l\000b\000o\000x}{}% 3
\BOOKMARK [1][-]{section.2.1}{\376\377\000D\000a\000t\000a\000b\000a\000s\000e\000\040\000S\000e\000t\000u\000p}{chapter.2}% 4
\BOOKMARK [1][-]{section.2.2}{\376\377\000M\000a\000k\000e\000\040\000E\000l\000e\000v\000a\000t\000i\000o\000n\000\040\000D\000a\000t\000a\000\040\000I\000n\000d\000e\000x}{chapter.2}% 5
\BOOKMARK [1][-]{section.2.3}{\376\377\000E\000x\000t\000r\000a\000c\000t\000\040\000P\000o\000l\000y\000g\000o\000n\000s}{chapter.2}% 6
\BOOKMARK [1][-]{section.2.4}{\376\377\000C\000h\000e\000c\000k\000\040\000F\000o\000r\000\040\000N\000o\000D\000a\000t\000a\000\040\000C\000e\000l\000l\000s}{chapter.2}% 7
\BOOKMARK [1][-]{section.2.5}{\376\377\000F\000i\000l\000l\000\040\000N\000o\000D\000a\000t\000a\000\040\000C\000e\000l\000l\000s}{chapter.2}% 8
\BOOKMARK [1][-]{section.2.6}{\376\377\000P\000r\000o\000j\000e\000c\000t\000\040\000a\000n\000d\000\040\000S\000c\000a\000l\000e}{chapter.2}% 9
\BOOKMARK [1][-]{section.2.7}{\376\377\000T\000o\000p\000o\000G\000r\000i\000d\000\040\000\050\000o\000p\000t\000i\000o\000n\000a\000l\000\051}{chapter.2}% 10
\BOOKMARK [1][-]{section.2.8}{\376\377\000B\000a\000t\000h\000y\000m\000e\000t\000i\000c\000\040\000G\000r\000a\000d\000i\000e\000n\000t\000\040\000S\000e\000t\000u\000p}{chapter.2}% 11
\BOOKMARK [1][-]{section.2.9}{\376\377\000C\000o\000a\000s\000t\000a\000l\000\040\000D\000E\000M\000\040\000P\000r\000o\000c\000e\000s\000s\000i\000n\000g\000\040\000\050\000o\000p\000t\000i\000o\000n\000a\000l\000\051}{chapter.2}% 12
\BOOKMARK [1][-]{section.2.10}{\376\377\000H\000y\000d\000r\000o\000-\000E\000n\000f\000o\000r\000c\000e\000\040\000D\000E\000M}{chapter.2}% 13
\BOOKMARK [1][-]{table.2.10}{\376\377\000H\000y\000d\000r\000o\000-\000E\000n\000f\000o\000r\000c\000e\000\040\000D\000E\000M}{chapter.2}% 14
\BOOKMARK [1][-]{section.2.11}{\376\377\000A\000d\000j\000u\000s\000t\000\040\000A\000c\000c\000u\000m\000u\000l\000a\000t\000i\000o\000n}{chapter.2}% 15
\BOOKMARK [1][-]{section.2.12}{\376\377\000A\000d\000j\000u\000s\000t\000\040\000A\000c\000c\000u\000m\000u\000l\000a\000t\000i\000o\000n\000\040\000S\000i\000m\000p\000l\000e}{chapter.2}% 16
\BOOKMARK [1][-]{section.2.13}{\376\377\000P\000o\000s\000t\000\040\000H\000y\000d\000r\000o\000d\000e\000m}{chapter.2}% 17
\BOOKMARK [0][-]{chapter.3}{\376\377\000S\000t\000r\000e\000a\000m\000S\000t\000a\000t\000s\000\040\000D\000a\000t\000a\000P\000r\000e\000p\000\040\000L\000i\000b\000r\000a\000r\000y}{}% 18
\BOOKMARK [1][-]{section.3.1}{\376\377\000d\000a\000t\000a\000b\000a\000s\000e\000S\000e\000t\000u\000p\000\040\000M\000o\000d\000u\000l\000e}{chapter.3}% 19
\BOOKMARK [1][-]{section.3.2}{\376\377\000e\000l\000e\000v\000a\000t\000i\000o\000n\000T\000o\000o\000l\000s\000\040\000M\000o\000d\000u\000l\000e}{chapter.3}% 20
\BOOKMARK [1][-]{section.3.3}{\376\377\000m\000a\000k\000e\000\137\000h\000y\000d\000r\000o\000d\000e\000m\000\040\000M\000o\000d\000u\000l\000e}{chapter.3}% 21
\BOOKMARK [1][-]{section.3.4}{\376\377\000t\000o\000p\000o\000\137\000g\000r\000i\000d\000\040\000M\000o\000d\000u\000l\000e}{chapter.3}% 22
\BOOKMARK [0][-]{chapter.4}{\376\377\000I\000n\000d\000i\000c\000e\000s\000\040\000a\000n\000d\000\040\000t\000a\000b\000l\000e\000s}{}% 23
\BOOKMARK [0][-]{section*.68}{\376\377\000P\000y\000t\000h\000o\000n\000\040\000M\000o\000d\000u\000l\000e\000\040\000I\000n\000d\000e\000x}{}% 24
